<?xml version="1.0" encoding="UTF-8" ?>
<testsuite tests="3" failures="0" name="demetra.fractionalairline.MultiPeriodicAirlineMappingTest" time="36.97" errors="0" skipped="1">
  <properties>
[...]
</properties>
  <testcase classname="demetra.fractionalairline.MultiPeriodicAirlineMappingTest" name="testDaily" time="20.001"/>
  <testcase classname="demetra.fractionalairline.MultiPeriodicAirlineMappingTest" name="testOutliers" time="20.001">
    <skipped/>
  </testcase>
  <testcase classname="demetra.fractionalairline.MultiPeriodicAirlineMappingTest" name="testDaily2" time="16.75"/>
</testsuite>