# JRE version: OpenJDK Runtime Environment (11.0+28) (build 11+28)
# Java VM: OpenJDK 64-Bit Server VM (11+28, mixed mode, tiered, compressed oops, g1 gc, windows-amd64)
Heap:
 garbage-first heap   total 129024K, used 30011K [0x0000000082400000, 0x0000000100000000)
  region size 1024K, 29 young (29696K), 5 survivors (5120K)
 Metaspace       used 19786K, capacity 20350K, committed 20480K, reserved 1067008K
  class space    used 2034K, capacity 2264K, committed 2304K, reserved 1048576K
GC Heap History (8 events):
Event: 1.049 GC heap before
{Heap before GC invocations=0 (full 0):
 garbage-first heap   total 129024K, used 14336K [0x0000000082400000, 0x0000000100000000)
  region size 1024K, 14 young (14336K), 0 survivors (0K)
 Metaspace       used 8857K, capacity 9027K, committed 9216K, reserved 1056768K
  class space    used 837K, capacity 903K, committed 1024K, reserved 1048576K
}
Event: 1.054 GC heap after
{Heap after GC invocations=1 (full 0):
 garbage-first heap   total 129024K, used 2111K [0x0000000082400000, 0x0000000100000000)
  region size 1024K, 2 young (2048K), 2 survivors (2048K)
 Metaspace       used 8857K, capacity 9027K, committed 9216K, reserved 1056768K
  class space    used 837K, capacity 903K, committed 1024K, reserved 1048576K
}
Event: 9.824 GC heap before
{Heap before GC invocations=1 (full 0):
 garbage-first heap   total 129024K, used 76863K [0x0000000082400000, 0x0000000100000000)
  region size 1024K, 75 young (76800K), 2 survivors (2048K)
 Metaspace       used 19298K, capacity 19871K, committed 19968K, reserved 1067008K
  class space    used 2007K, capacity 2215K, committed 2304K, reserved 1048576K
}
Event: 9.838 GC heap after
{Heap after GC invocations=2 (full 0):
 garbage-first heap   total 129024K, used 5931K [0x0000000082400000, 0x0000000100000000)
  region size 1024K, 6 young (6144K), 6 survivors (6144K)
 Metaspace       used 19298K, capacity 19871K, committed 19968K, reserved 1067008K
  class space    used 2007K, capacity 2215K, committed 2304K, reserved 1048576K
}
Event: 15.197 GC heap before
{Heap before GC invocations=2 (full 0):
 garbage-first heap   total 129024K, used 76587K [0x0000000082400000, 0x0000000100000000)
  region size 1024K, 75 young (76800K), 6 survivors (6144K)
 Metaspace       used 19452K, capacity 20095K, committed 20224K, reserved 1067008K
  class space    used 2012K, capacity 2222K, committed 2304K, reserved 1048576K
}
Event: 15.208 GC heap after
{Heap after GC invocations=3 (full 0):
 garbage-first heap   total 129024K, used 6451K [0x0000000082400000, 0x0000000100000000)
  region size 1024K, 5 young (5120K), 5 survivors (5120K)
 Metaspace       used 19452K, capacity 20095K, committed 20224K, reserved 1067008K
  class space    used 2012K, capacity 2222K, committed 2304K, reserved 1048576K
}
Event: 18.289 GC heap before
{Heap before GC invocations=3 (full 0):
 garbage-first heap   total 129024K, used 78131K [0x0000000082400000, 0x0000000100000000)
  region size 1024K, 75 young (76800K), 5 survivors (5120K)
 Metaspace       used 19625K, capacity 20210K, committed 20480K, reserved 1067008K
  class space    used 2022K, capacity 2260K, committed 2304K, reserved 1048576K
}
Event: 18.297 GC heap after
{Heap after GC invocations=4 (full 0):
 garbage-first heap   total 129024K, used 6459K [0x0000000082400000, 0x0000000100000000)
  region size 1024K, 5 young (5120K), 5 survivors (5120K)
 Metaspace       used 19625K, capacity 20210K, committed 20480K, reserved 1067008K
  class space    used 2022K, capacity 2260K, committed 2304K, reserved 1048576K
}

